<?xml version="1.0" encoding="UTF-8"?>
<!-- Generated by org.testng.reporters.JUnitReportReporter -->
<testsuite hostname="DESKTOP-RSD7DTO" failures="0" tests="1" name="AdminWebRevamp.LaunchBrowser" time="20.860" errors="0" timestamp="3 Jun 2022 10:14:25 GMT">
  <testcase classname="AdminWebRevamp.LaunchBrowser" name="Launch_Browser" time="20.860"/>
</testsuite> <!-- AdminWebRevamp.LaunchBrowser -->
