<?xml version="1.0" encoding="UTF-8"?>
<!-- Generated by org.testng.reporters.JUnitReportReporter -->
<testsuite hostname="DESKTOP-RSD7DTO" failures="0" tests="2" name="AdminWebRevamp.TestCasesPage" time="132.741" errors="0" timestamp="6 Jun 2022 07:09:14 GMT">
  <testcase classname="AdminWebRevamp.TestCasesPage" name="User_Email_TC1" time="65.628"/>
  <testcase classname="AdminWebRevamp.TestCasesPage" name="User_Email_TC" time="67.113"/>
</testsuite> <!-- AdminWebRevamp.TestCasesPage -->
